<?xml version="1.0" encoding="UTF-8"?>
<!-- Generated by org.testng.reporters.JUnitReportReporter -->
<testsuite hostname="LTIN466277" failures="0" tests="3" name="tests.BaseTest" time="25.828" errors="0" timestamp="2025-07-30T20:53:56 IST" skipped="0">
  <testcase classname="tests.BaseTest" name="testCarWashSearch" time="12.171"/>
  <testcase classname="tests.BaseTest" name="testInvalidMobileListing" time="6.173"/>
  <testcase classname="tests.BaseTest" name="testGymSearchAndExcelExport" time="7.484"/>
</testsuite> <!-- tests.BaseTest -->
