<?xml version="1.0" encoding="UTF-8"?>
<!-- Generated by org.testng.reporters.JUnitReportReporter -->
<testsuite hostname="LTIN466277" failures="0" tests="3" name="tests.BaseTest" time="29.613" errors="0" timestamp="2025-08-01T23:17:25 IST" skipped="0">
  <testcase classname="tests.BaseTest" name="testCarWashSearch" time="14.048"/>
  <testcase classname="tests.BaseTest" name="testInvalidMobileListing" time="6.386"/>
  <testcase classname="tests.BaseTest" name="testGymSearchAndExcelExport" time="9.179"/>
</testsuite> <!-- tests.BaseTest -->
