<?xml version="1.0" encoding="UTF-8"?>
<!-- Generated by org.testng.reporters.JUnitReportReporter -->
<testsuite hostname="LTIN466277" failures="0" tests="3" name="tests.BaseTest" time="18.532" errors="0" timestamp="2025-07-30T08:53:29 IST" skipped="0">
  <testcase classname="tests.BaseTest" name="testCarWashSearch" time="8.775"/>
  <testcase classname="tests.BaseTest" name="testInvalidMobileListing" time="4.944"/>
  <testcase classname="tests.BaseTest" name="testGymSearchAndExcelExport" time="4.813"/>
</testsuite> <!-- tests.BaseTest -->
